[27-Oct-2023 01:43:53 UTC] PHP Warning:  Undefined array key "update" in /var/www/html/wp-content/plugins/scheduly/skywidget.php on line 185
[27-Oct-2023 01:44:11 UTC] PHP Warning:  Undefined array key "update" in /var/www/html/wp-content/plugins/scheduly/skywidget.php on line 185
[27-Oct-2023 01:45:28 UTC] PHP Warning:  Undefined array key "update" in /var/www/html/wp-content/plugins/scheduly/skywidget.php on line 185
[27-Oct-2023 01:45:33 UTC] PHP Warning:  Undefined array key "update" in /var/www/html/wp-content/plugins/scheduly/skywidget.php on line 185
[27-Oct-2023 01:46:34 UTC] PHP Warning:  Undefined array key "update" in /var/www/html/wp-content/plugins/scheduly/skywidget.php on line 185
[27-Oct-2023 01:47:13 UTC] PHP Warning:  Undefined array key "update" in /var/www/html/wp-content/plugins/scheduly/skywidget.php on line 185
[27-Oct-2023 01:47:14 UTC] PHP Warning:  Undefined array key "update" in /var/www/html/wp-content/plugins/scheduly/skywidget.php on line 185
[27-Oct-2023 01:47:17 UTC] PHP Warning:  Undefined array key "update" in /var/www/html/wp-content/plugins/scheduly/skywidget.php on line 185
[27-Oct-2023 01:47:22 UTC] PHP Warning:  Undefined array key "update" in /var/www/html/wp-content/plugins/scheduly/skywidget.php on line 185
[27-Oct-2023 01:47:26 UTC] PHP Warning:  Undefined array key "update" in /var/www/html/wp-content/plugins/scheduly/skywidget.php on line 185
[27-Oct-2023 01:47:26 UTC] PHP Warning:  Undefined array key "update" in /var/www/html/wp-content/plugins/scheduly/skywidget.php on line 185
[27-Oct-2023 01:47:28 UTC] PHP Warning:  Undefined array key "update" in /var/www/html/wp-content/plugins/scheduly/skywidget.php on line 185
[27-Oct-2023 01:47:48 UTC] PHP Warning:  Undefined array key "update" in /var/www/html/wp-content/plugins/scheduly/skywidget.php on line 185
[27-Oct-2023 01:47:50 UTC] PHP Warning:  Undefined array key "update" in /var/www/html/wp-content/plugins/scheduly/skywidget.php on line 185
[27-Oct-2023 01:47:50 UTC] PHP Warning:  Undefined array key "update" in /var/www/html/wp-content/plugins/scheduly/skywidget.php on line 185
[27-Oct-2023 01:47:54 UTC] PHP Warning:  Undefined array key "update" in /var/www/html/wp-content/plugins/scheduly/skywidget.php on line 185
[27-Oct-2023 01:48:30 UTC] PHP Warning:  Undefined array key "update" in /var/www/html/wp-content/plugins/scheduly/skywidget.php on line 185
[27-Oct-2023 01:48:31 UTC] PHP Warning:  Undefined array key "update" in /var/www/html/wp-content/plugins/scheduly/skywidget.php on line 185
[27-Oct-2023 02:12:06 UTC] PHP Warning:  Undefined array key "update" in /var/www/html/wp-content/plugins/scheduly/skywidget.php on line 185
[27-Oct-2023 02:12:08 UTC] PHP Warning:  Undefined array key "update" in /var/www/html/wp-content/plugins/scheduly/skywidget.php on line 185
[27-Oct-2023 02:12:11 UTC] PHP Warning:  Undefined array key "update" in /var/www/html/wp-content/plugins/scheduly/skywidget.php on line 185
[27-Oct-2023 02:15:06 UTC] PHP Warning:  Undefined array key "update" in /var/www/html/wp-content/plugins/scheduly/skywidget.php on line 187
[27-Oct-2023 02:15:37 UTC] PHP Warning:  Undefined array key "update" in /var/www/html/wp-content/plugins/scheduly/skywidget.php on line 187
[27-Oct-2023 02:15:39 UTC] PHP Warning:  Undefined array key "update" in /var/www/html/wp-content/plugins/scheduly/skywidget.php on line 187
[27-Oct-2023 02:16:24 UTC] PHP Warning:  Undefined array key "update" in /var/www/html/wp-content/plugins/scheduly/skywidget.php on line 187
[27-Oct-2023 02:16:45 UTC] PHP Warning:  Undefined array key "update" in /var/www/html/wp-content/plugins/scheduly/skywidget.php on line 187
[27-Oct-2023 02:17:07 UTC] PHP Warning:  Undefined array key "update" in /var/www/html/wp-content/plugins/scheduly/skywidget.php on line 187
[27-Oct-2023 02:20:16 UTC] PHP Warning:  Undefined array key "update" in /var/www/html/wp-content/plugins/scheduly/skywidget.php on line 187
[27-Oct-2023 02:20:26 UTC] PHP Warning:  Undefined array key "update" in /var/www/html/wp-content/plugins/scheduly/skywidget.php on line 187
[27-Oct-2023 02:27:29 UTC] PHP Warning:  Undefined array key "update" in /var/www/html/wp-content/plugins/scheduly/skywidget.php on line 187
[27-Oct-2023 02:27:32 UTC] PHP Warning:  Undefined array key "update" in /var/www/html/wp-content/plugins/scheduly/skywidget.php on line 187
[27-Oct-2023 02:30:00 UTC] PHP Warning:  Undefined array key "update" in /var/www/html/wp-content/plugins/scheduly/skywidget.php on line 187
[27-Oct-2023 02:30:09 UTC] PHP Warning:  Undefined array key "update" in /var/www/html/wp-content/plugins/scheduly/skywidget.php on line 187
[27-Oct-2023 02:30:11 UTC] PHP Warning:  Undefined array key "update" in /var/www/html/wp-content/plugins/scheduly/skywidget.php on line 187
[27-Oct-2023 02:30:14 UTC] PHP Warning:  Undefined array key "update" in /var/www/html/wp-content/plugins/scheduly/skywidget.php on line 187
[27-Oct-2023 02:33:51 UTC] PHP Warning:  Undefined array key "update" in /var/www/html/wp-content/plugins/scheduly/skywidget.php on line 187
[27-Oct-2023 02:33:55 UTC] PHP Warning:  Undefined array key "update" in /var/www/html/wp-content/plugins/scheduly/skywidget.php on line 187
[27-Oct-2023 02:38:42 UTC] PHP Warning:  Undefined array key "update" in /var/www/html/wp-content/plugins/scheduly/skywidget.php on line 189
[27-Oct-2023 02:38:44 UTC] PHP Warning:  Undefined array key "update" in /var/www/html/wp-content/plugins/scheduly/skywidget.php on line 189
[27-Oct-2023 02:38:48 UTC] PHP Warning:  Undefined array key "update" in /var/www/html/wp-content/plugins/scheduly/skywidget.php on line 189
[27-Oct-2023 02:43:52 UTC] PHP Parse error:  syntax error, unexpected single-quoted string "/api/V_1/plugin/checkClientId/" in /var/www/html/wp-content/plugins/scheduly/skywidget.php on line 64
[27-Oct-2023 02:43:55 UTC] PHP Parse error:  syntax error, unexpected single-quoted string "/api/V_1/plugin/checkClientId/" in /var/www/html/wp-content/plugins/scheduly/skywidget.php on line 64
[27-Oct-2023 02:43:55 UTC] PHP Notice:  La función is_embed ha sido llamada <strong>de forma incorrecta</strong>. Las etiquetas de las consultas condicionales no funcionan antes de ejecutar la consulta. Haciéndolo antes, siempre devuelven falso. Por favor, visita <a href="https://wordpress.org/documentation/article/debugging-in-wordpress/">Depuración en WordPress</a> para más información. (Este mensaje se añadió en la versión 3.1.0.) in /var/www/html/wp-includes/functions.php on line 5905
[27-Oct-2023 02:43:55 UTC] PHP Notice:  La función is_search ha sido llamada <strong>de forma incorrecta</strong>. Las etiquetas de las consultas condicionales no funcionan antes de ejecutar la consulta. Haciéndolo antes, siempre devuelven falso. Por favor, visita <a href="https://wordpress.org/documentation/article/debugging-in-wordpress/">Depuración en WordPress</a> para más información. (Este mensaje se añadió en la versión 3.1.0.) in /var/www/html/wp-includes/functions.php on line 5905
[27-Oct-2023 02:43:55 UTC] PHP Parse error:  syntax error, unexpected single-quoted string "/api/V_1/plugin/checkClientId/" in /var/www/html/wp-content/plugins/scheduly/skywidget.php on line 64
[27-Oct-2023 02:43:55 UTC] PHP Notice:  La función is_embed ha sido llamada <strong>de forma incorrecta</strong>. Las etiquetas de las consultas condicionales no funcionan antes de ejecutar la consulta. Haciéndolo antes, siempre devuelven falso. Por favor, visita <a href="https://wordpress.org/documentation/article/debugging-in-wordpress/">Depuración en WordPress</a> para más información. (Este mensaje se añadió en la versión 3.1.0.) in /var/www/html/wp-includes/functions.php on line 5905
[27-Oct-2023 02:43:55 UTC] PHP Notice:  La función is_search ha sido llamada <strong>de forma incorrecta</strong>. Las etiquetas de las consultas condicionales no funcionan antes de ejecutar la consulta. Haciéndolo antes, siempre devuelven falso. Por favor, visita <a href="https://wordpress.org/documentation/article/debugging-in-wordpress/">Depuración en WordPress</a> para más información. (Este mensaje se añadió en la versión 3.1.0.) in /var/www/html/wp-includes/functions.php on line 5905
[27-Oct-2023 02:44:07 UTC] PHP Parse error:  syntax error, unexpected single-quoted string "/api/V_1/plugin/checkClientId/" in /var/www/html/wp-content/plugins/scheduly/skywidget.php on line 64
[27-Oct-2023 02:44:07 UTC] PHP Notice:  La función is_embed ha sido llamada <strong>de forma incorrecta</strong>. Las etiquetas de las consultas condicionales no funcionan antes de ejecutar la consulta. Haciéndolo antes, siempre devuelven falso. Por favor, visita <a href="https://wordpress.org/documentation/article/debugging-in-wordpress/">Depuración en WordPress</a> para más información. (Este mensaje se añadió en la versión 3.1.0.) in /var/www/html/wp-includes/functions.php on line 5905
[27-Oct-2023 02:44:07 UTC] PHP Notice:  La función is_search ha sido llamada <strong>de forma incorrecta</strong>. Las etiquetas de las consultas condicionales no funcionan antes de ejecutar la consulta. Haciéndolo antes, siempre devuelven falso. Por favor, visita <a href="https://wordpress.org/documentation/article/debugging-in-wordpress/">Depuración en WordPress</a> para más información. (Este mensaje se añadió en la versión 3.1.0.) in /var/www/html/wp-includes/functions.php on line 5905
[27-Oct-2023 02:44:07 UTC] PHP Parse error:  syntax error, unexpected single-quoted string "/api/V_1/plugin/checkClientId/" in /var/www/html/wp-content/plugins/scheduly/skywidget.php on line 64
[27-Oct-2023 02:44:07 UTC] PHP Notice:  La función is_embed ha sido llamada <strong>de forma incorrecta</strong>. Las etiquetas de las consultas condicionales no funcionan antes de ejecutar la consulta. Haciéndolo antes, siempre devuelven falso. Por favor, visita <a href="https://wordpress.org/documentation/article/debugging-in-wordpress/">Depuración en WordPress</a> para más información. (Este mensaje se añadió en la versión 3.1.0.) in /var/www/html/wp-includes/functions.php on line 5905
[27-Oct-2023 02:44:07 UTC] PHP Notice:  La función is_search ha sido llamada <strong>de forma incorrecta</strong>. Las etiquetas de las consultas condicionales no funcionan antes de ejecutar la consulta. Haciéndolo antes, siempre devuelven falso. Por favor, visita <a href="https://wordpress.org/documentation/article/debugging-in-wordpress/">Depuración en WordPress</a> para más información. (Este mensaje se añadió en la versión 3.1.0.) in /var/www/html/wp-includes/functions.php on line 5905
[27-Oct-2023 02:44:07 UTC] PHP Parse error:  syntax error, unexpected single-quoted string "/api/V_1/plugin/checkClientId/" in /var/www/html/wp-content/plugins/scheduly/skywidget.php on line 64
[27-Oct-2023 02:44:07 UTC] PHP Notice:  La función is_embed ha sido llamada <strong>de forma incorrecta</strong>. Las etiquetas de las consultas condicionales no funcionan antes de ejecutar la consulta. Haciéndolo antes, siempre devuelven falso. Por favor, visita <a href="https://wordpress.org/documentation/article/debugging-in-wordpress/">Depuración en WordPress</a> para más información. (Este mensaje se añadió en la versión 3.1.0.) in /var/www/html/wp-includes/functions.php on line 5905
[27-Oct-2023 02:44:07 UTC] PHP Notice:  La función is_search ha sido llamada <strong>de forma incorrecta</strong>. Las etiquetas de las consultas condicionales no funcionan antes de ejecutar la consulta. Haciéndolo antes, siempre devuelven falso. Por favor, visita <a href="https://wordpress.org/documentation/article/debugging-in-wordpress/">Depuración en WordPress</a> para más información. (Este mensaje se añadió en la versión 3.1.0.) in /var/www/html/wp-includes/functions.php on line 5905
[27-Oct-2023 02:44:52 UTC] PHP Parse error:  syntax error, unexpected single-quoted string "/api/V_1/plugin/checkClientId/" in /var/www/html/wp-content/plugins/scheduly/skywidget.php on line 64
[27-Oct-2023 02:46:53 UTC] PHP Parse error:  syntax error, unexpected single-quoted string "/api/V_1/plugin/checkClientId/" in /var/www/html/wp-content/plugins/scheduly/skywidget.php on line 64
[27-Oct-2023 02:54:03 UTC] PHP Warning:  Undefined variable $schedulyInsertLinkFull in /var/www/html/wp-content/plugins/scheduly/skywidget.php on line 58
[27-Oct-2023 02:54:03 UTC] PHP Warning:  Undefined array key "scheme" in /var/www/html/wp-content/plugins/scheduly/skywidget.php on line 60
[27-Oct-2023 02:54:03 UTC] PHP Warning:  Undefined array key "host" in /var/www/html/wp-content/plugins/scheduly/skywidget.php on line 60
[27-Oct-2023 02:54:03 UTC] PHP Warning:  Undefined array key "update" in /var/www/html/wp-content/plugins/scheduly/skywidget.php on line 194
[27-Oct-2023 02:54:05 UTC] PHP Warning:  Undefined array key "update" in /var/www/html/wp-content/plugins/scheduly/skywidget.php on line 194
[27-Oct-2023 02:54:06 UTC] PHP Warning:  Undefined array key "update" in /var/www/html/wp-content/plugins/scheduly/skywidget.php on line 194
[27-Oct-2023 02:54:37 UTC] PHP Warning:  Undefined variable $schedulyInsertLinkFull in /var/www/html/wp-content/plugins/scheduly/skywidget.php on line 58
[27-Oct-2023 02:54:37 UTC] PHP Warning:  Undefined array key "scheme" in /var/www/html/wp-content/plugins/scheduly/skywidget.php on line 60
[27-Oct-2023 02:54:37 UTC] PHP Warning:  Undefined array key "host" in /var/www/html/wp-content/plugins/scheduly/skywidget.php on line 60
[27-Oct-2023 02:54:38 UTC] PHP Warning:  Undefined array key "update" in /var/www/html/wp-content/plugins/scheduly/skywidget.php on line 194
[27-Oct-2023 02:54:51 UTC] PHP Warning:  Undefined array key "update" in /var/www/html/wp-content/plugins/scheduly/skywidget.php on line 194
[27-Oct-2023 02:54:53 UTC] PHP Warning:  Undefined array key "update" in /var/www/html/wp-content/plugins/scheduly/skywidget.php on line 194
[27-Oct-2023 02:55:42 UTC] PHP Warning:  Undefined variable $schedulyInsertLinkFull in /var/www/html/wp-content/plugins/scheduly/skywidget.php on line 58
[27-Oct-2023 02:55:42 UTC] PHP Warning:  Undefined array key "scheme" in /var/www/html/wp-content/plugins/scheduly/skywidget.php on line 60
[27-Oct-2023 02:55:42 UTC] PHP Warning:  Undefined array key "host" in /var/www/html/wp-content/plugins/scheduly/skywidget.php on line 60
[27-Oct-2023 02:55:42 UTC] PHP Warning:  Undefined array key "update" in /var/www/html/wp-content/plugins/scheduly/skywidget.php on line 194
[27-Oct-2023 02:56:25 UTC] PHP Warning:  Undefined variable $schedulyInsertLinkFull in /var/www/html/wp-content/plugins/scheduly/skywidget.php on line 58
[27-Oct-2023 02:56:25 UTC] PHP Warning:  Undefined array key "scheme" in /var/www/html/wp-content/plugins/scheduly/skywidget.php on line 60
[27-Oct-2023 02:56:25 UTC] PHP Warning:  Undefined array key "host" in /var/www/html/wp-content/plugins/scheduly/skywidget.php on line 60
[27-Oct-2023 02:56:25 UTC] PHP Warning:  Undefined array key "update" in /var/www/html/wp-content/plugins/scheduly/skywidget.php on line 194
[27-Oct-2023 02:57:55 UTC] PHP Parse error:  syntax error, unexpected single-quoted string "/api/V_1/plugin/checkClientId/" in /var/www/html/wp-content/plugins/scheduly/skywidget.php on line 64
[27-Oct-2023 02:57:55 UTC] PHP Notice:  La función is_embed ha sido llamada <strong>de forma incorrecta</strong>. Las etiquetas de las consultas condicionales no funcionan antes de ejecutar la consulta. Haciéndolo antes, siempre devuelven falso. Por favor, visita <a href="https://wordpress.org/documentation/article/debugging-in-wordpress/">Depuración en WordPress</a> para más información. (Este mensaje se añadió en la versión 3.1.0.) in /var/www/html/wp-includes/functions.php on line 5905
[27-Oct-2023 02:57:55 UTC] PHP Notice:  La función is_search ha sido llamada <strong>de forma incorrecta</strong>. Las etiquetas de las consultas condicionales no funcionan antes de ejecutar la consulta. Haciéndolo antes, siempre devuelven falso. Por favor, visita <a href="https://wordpress.org/documentation/article/debugging-in-wordpress/">Depuración en WordPress</a> para más información. (Este mensaje se añadió en la versión 3.1.0.) in /var/www/html/wp-includes/functions.php on line 5905
[27-Oct-2023 02:57:55 UTC] PHP Parse error:  syntax error, unexpected single-quoted string "/api/V_1/plugin/checkClientId/" in /var/www/html/wp-content/plugins/scheduly/skywidget.php on line 64
[27-Oct-2023 02:57:55 UTC] PHP Notice:  La función is_embed ha sido llamada <strong>de forma incorrecta</strong>. Las etiquetas de las consultas condicionales no funcionan antes de ejecutar la consulta. Haciéndolo antes, siempre devuelven falso. Por favor, visita <a href="https://wordpress.org/documentation/article/debugging-in-wordpress/">Depuración en WordPress</a> para más información. (Este mensaje se añadió en la versión 3.1.0.) in /var/www/html/wp-includes/functions.php on line 5905
[27-Oct-2023 02:57:55 UTC] PHP Notice:  La función is_search ha sido llamada <strong>de forma incorrecta</strong>. Las etiquetas de las consultas condicionales no funcionan antes de ejecutar la consulta. Haciéndolo antes, siempre devuelven falso. Por favor, visita <a href="https://wordpress.org/documentation/article/debugging-in-wordpress/">Depuración en WordPress</a> para más información. (Este mensaje se añadió en la versión 3.1.0.) in /var/www/html/wp-includes/functions.php on line 5905
[27-Oct-2023 02:57:55 UTC] PHP Parse error:  syntax error, unexpected single-quoted string "/api/V_1/plugin/checkClientId/" in /var/www/html/wp-content/plugins/scheduly/skywidget.php on line 64
[27-Oct-2023 02:57:55 UTC] PHP Notice:  La función is_embed ha sido llamada <strong>de forma incorrecta</strong>. Las etiquetas de las consultas condicionales no funcionan antes de ejecutar la consulta. Haciéndolo antes, siempre devuelven falso. Por favor, visita <a href="https://wordpress.org/documentation/article/debugging-in-wordpress/">Depuración en WordPress</a> para más información. (Este mensaje se añadió en la versión 3.1.0.) in /var/www/html/wp-includes/functions.php on line 5905
[27-Oct-2023 02:57:55 UTC] PHP Notice:  La función is_search ha sido llamada <strong>de forma incorrecta</strong>. Las etiquetas de las consultas condicionales no funcionan antes de ejecutar la consulta. Haciéndolo antes, siempre devuelven falso. Por favor, visita <a href="https://wordpress.org/documentation/article/debugging-in-wordpress/">Depuración en WordPress</a> para más información. (Este mensaje se añadió en la versión 3.1.0.) in /var/www/html/wp-includes/functions.php on line 5905
[27-Oct-2023 02:58:03 UTC] PHP Warning:  Undefined array key "update" in /var/www/html/wp-content/plugins/scheduly/skywidget.php on line 194
[27-Oct-2023 02:58:05 UTC] PHP Warning:  Undefined variable $schedulyInsertLinkFull in /var/www/html/wp-content/plugins/scheduly/skywidget.php on line 58
[27-Oct-2023 02:58:05 UTC] PHP Warning:  Undefined array key "scheme" in /var/www/html/wp-content/plugins/scheduly/skywidget.php on line 60
[27-Oct-2023 02:58:05 UTC] PHP Warning:  Undefined array key "host" in /var/www/html/wp-content/plugins/scheduly/skywidget.php on line 60
[27-Oct-2023 02:58:05 UTC] PHP Warning:  Undefined array key "update" in /var/www/html/wp-content/plugins/scheduly/skywidget.php on line 194
[27-Oct-2023 02:58:39 UTC] PHP Warning:  Undefined variable $schedulyInsertLinkFull in /var/www/html/wp-content/plugins/scheduly/skywidget.php on line 58
[27-Oct-2023 02:58:39 UTC] PHP Warning:  Undefined array key "scheme" in /var/www/html/wp-content/plugins/scheduly/skywidget.php on line 60
[27-Oct-2023 02:58:39 UTC] PHP Warning:  Undefined array key "host" in /var/www/html/wp-content/plugins/scheduly/skywidget.php on line 60
[27-Oct-2023 02:58:39 UTC] PHP Warning:  Undefined array key "update" in /var/www/html/wp-content/plugins/scheduly/skywidget.php on line 194
[27-Oct-2023 02:59:00 UTC] PHP Warning:  Undefined variable $schedulyInsertLinkFull in /var/www/html/wp-content/plugins/scheduly/skywidget.php on line 58
[27-Oct-2023 02:59:00 UTC] PHP Warning:  Undefined array key "scheme" in /var/www/html/wp-content/plugins/scheduly/skywidget.php on line 60
[27-Oct-2023 02:59:00 UTC] PHP Warning:  Undefined array key "host" in /var/www/html/wp-content/plugins/scheduly/skywidget.php on line 60
[27-Oct-2023 02:59:00 UTC] PHP Warning:  Undefined array key "update" in /var/www/html/wp-content/plugins/scheduly/skywidget.php on line 194
[27-Oct-2023 02:59:11 UTC] PHP Warning:  Undefined array key "update" in /var/www/html/wp-content/plugins/scheduly/skywidget.php on line 194
[27-Oct-2023 02:59:12 UTC] PHP Warning:  Undefined array key "update" in /var/www/html/wp-content/plugins/scheduly/skywidget.php on line 194
[27-Oct-2023 03:03:44 UTC] PHP Warning:  Undefined array key "update" in /var/www/html/wp-content/plugins/scheduly/skywidget.php on line 194
[27-Oct-2023 03:03:46 UTC] PHP Warning:  Undefined variable $schedulyInsertLinkFull in /var/www/html/wp-content/plugins/scheduly/skywidget.php on line 58
[27-Oct-2023 03:03:46 UTC] PHP Warning:  Undefined array key "scheme" in /var/www/html/wp-content/plugins/scheduly/skywidget.php on line 60
[27-Oct-2023 03:03:46 UTC] PHP Warning:  Undefined array key "host" in /var/www/html/wp-content/plugins/scheduly/skywidget.php on line 60
[27-Oct-2023 03:03:46 UTC] PHP Warning:  Undefined array key "update" in /var/www/html/wp-content/plugins/scheduly/skywidget.php on line 194
[27-Oct-2023 03:04:49 UTC] PHP Warning:  Undefined variable $schedulyInsertLinkFull in /var/www/html/wp-content/plugins/scheduly/skywidget.php on line 58
[27-Oct-2023 03:04:49 UTC] PHP Warning:  Undefined array key "scheme" in /var/www/html/wp-content/plugins/scheduly/skywidget.php on line 60
[27-Oct-2023 03:04:49 UTC] PHP Warning:  Undefined array key "host" in /var/www/html/wp-content/plugins/scheduly/skywidget.php on line 60
[27-Oct-2023 03:04:49 UTC] PHP Warning:  Undefined array key "update" in /var/www/html/wp-content/plugins/scheduly/skywidget.php on line 194
[27-Oct-2023 03:09:17 UTC] PHP Warning:  Cannot modify header information - headers already sent by (output started at /var/www/html/wp-content/plugins/scheduly/skywidget.php:59) in /var/www/html/wp-admin/includes/misc.php on line 1431
[27-Oct-2023 03:09:17 UTC] PHP Warning:  Cannot modify header information - headers already sent by (output started at /var/www/html/wp-content/plugins/scheduly/skywidget.php:59) in /var/www/html/wp-includes/functions.php on line 6935
[27-Oct-2023 03:09:17 UTC] PHP Warning:  Cannot modify header information - headers already sent by (output started at /var/www/html/wp-content/plugins/scheduly/skywidget.php:59) in /var/www/html/wp-includes/pluggable.php on line 1435
[27-Oct-2023 03:09:17 UTC] PHP Warning:  Cannot modify header information - headers already sent by (output started at /var/www/html/wp-content/plugins/scheduly/skywidget.php:59) in /var/www/html/wp-includes/pluggable.php on line 1438
[27-Oct-2023 03:09:36 UTC] PHP Warning:  Undefined array key "update" in /var/www/html/wp-content/plugins/scheduly/skywidget.php on line 194
[27-Oct-2023 03:09:41 UTC] PHP Warning:  Cannot modify header information - headers already sent by (output started at /var/www/html/wp-content/plugins/scheduly/skywidget.php:59) in /var/www/html/wp-admin/includes/misc.php on line 1431
[27-Oct-2023 03:09:41 UTC] PHP Warning:  Cannot modify header information - headers already sent by (output started at /var/www/html/wp-content/plugins/scheduly/skywidget.php:59) in /var/www/html/wp-includes/functions.php on line 6935
[27-Oct-2023 03:09:41 UTC] PHP Warning:  Cannot modify header information - headers already sent by (output started at /var/www/html/wp-content/plugins/scheduly/skywidget.php:59) in /var/www/html/wp-includes/pluggable.php on line 1435
[27-Oct-2023 03:09:41 UTC] PHP Warning:  Cannot modify header information - headers already sent by (output started at /var/www/html/wp-content/plugins/scheduly/skywidget.php:59) in /var/www/html/wp-includes/pluggable.php on line 1438
[27-Oct-2023 03:15:43 UTC] PHP Warning:  Undefined array key "update" in /var/www/html/wp-content/plugins/scheduly/skywidget.php on line 88
[27-Oct-2023 03:15:45 UTC] PHP Warning:  Undefined array key "update" in /var/www/html/wp-content/plugins/scheduly/skywidget.php on line 88
[27-Oct-2023 03:15:50 UTC] PHP Warning:  Undefined array key "update" in /var/www/html/wp-content/plugins/scheduly/skywidget.php on line 88
[27-Oct-2023 03:21:21 UTC] PHP Warning:  Undefined array key "update" in /var/www/html/wp-content/plugins/scheduly/skywidget.php on line 166
[27-Oct-2023 03:22:24 UTC] PHP Warning:  Undefined array key "update" in /var/www/html/wp-content/plugins/scheduly/skywidget.php on line 185
